<?xml version="1.0" encoding="UTF-8"?>
<testng-results skipped="0" failed="0" total="1" passed="1">
  <reporter-output>
  </reporter-output>
  <suite name="Suite" duration-ms="2702" started-at="2020-12-24T06:02:08Z" finished-at="2020-12-24T06:02:11Z">
    <groups>
    </groups>
    <test name="Test" duration-ms="2702" started-at="2020-12-24T06:02:08Z" finished-at="2020-12-24T06:02:11Z">
      <class name="com.cases.DemoTest">
        <test-method status="PASS" signature="BeforeMethod()[pri:0, instance:com.cases.DemoTest@61443d8f]" name="BeforeMethod" is-config="true" duration-ms="2691" started-at="2020-12-24T14:02:08Z" finished-at="2020-12-24T14:02:11Z">
          <reporter-output>
          </reporter-output>
        </test-method> <!-- BeforeMethod -->
        <test-method status="PASS" signature="Test()[pri:0, instance:com.cases.DemoTest@61443d8f]" name="Test" duration-ms="3" started-at="2020-12-24T14:02:11Z" finished-at="2020-12-24T14:02:11Z">
          <reporter-output>
          </reporter-output>
        </test-method> <!-- Test -->
        <test-method status="PASS" signature="AfterMethod()[pri:0, instance:com.cases.DemoTest@61443d8f]" name="AfterMethod" is-config="true" duration-ms="1" started-at="2020-12-24T14:02:11Z" finished-at="2020-12-24T14:02:11Z">
          <reporter-output>
          </reporter-output>
        </test-method> <!-- AfterMethod -->
      </class> <!-- com.cases.DemoTest -->
    </test> <!-- Test -->
  </suite> <!-- Suite -->
</testng-results>
