<?xml version="1.0" encoding="UTF-8"?>
<testng-results skipped="1" failed="0" total="1" passed="0">
  <reporter-output>
  </reporter-output>
  <suite name="Failed suite [Suite]" duration-ms="229" started-at="2020-12-23T05:38:20Z" finished-at="2020-12-23T05:38:21Z">
    <groups>
    </groups>
    <test name="Test(failed)" duration-ms="229" started-at="2020-12-23T05:38:20Z" finished-at="2020-12-23T05:38:21Z">
      <class name="com.cases.KfglTest_New">
        <test-method status="PASS" signature="beforeTest()[pri:0, instance:com.cases.KfglTest_New@22f71333]" name="beforeTest" is-config="true" duration-ms="6" started-at="2020-12-23T13:38:20Z" finished-at="2020-12-23T13:38:20Z">
          <reporter-output>
          </reporter-output>
        </test-method> <!-- beforeTest -->
        <test-method status="PASS" signature="beforeClass(java.lang.String)[pri:0, instance:com.cases.KfglTest_New@22f71333]" name="beforeClass" is-config="true" duration-ms="210" started-at="2020-12-23T13:38:20Z" finished-at="2020-12-23T13:38:21Z">
          <params>
            <param index="0">
              <value>
                <![CDATA[2]]>
              </value>
            </param>
          </params>
          <reporter-output>
          </reporter-output>
        </test-method> <!-- beforeClass -->
        <test-method status="FAIL" signature="beforeMethod()[pri:0, instance:com.cases.KfglTest_New@22f71333]" name="beforeMethod" is-config="true" duration-ms="0" started-at="2020-12-23T13:38:21Z" finished-at="2020-12-23T13:38:21Z">
          <exception class="java.lang.NullPointerException">
            <full-stacktrace>
              <![CDATA[java.lang.NullPointerException
	at com.util.CommonMethord.isProcessRunning(CommonMethord.java:96)
	at com.util.CommonMethord.killProcess(CommonMethord.java:75)
	at com.cases.TestBase.beforeMethod(TestBase.java:42)
	at sun.reflect.NativeMethodAccessorImpl.invoke0(Native Method)
	at sun.reflect.NativeMethodAccessorImpl.invoke(NativeMethodAccessorImpl.java:62)
	at sun.reflect.DelegatingMethodAccessorImpl.invoke(DelegatingMethodAccessorImpl.java:43)
	at java.lang.reflect.Method.invoke(Method.java:498)
	at org.testng.internal.MethodInvocationHelper.invokeMethod(MethodInvocationHelper.java:80)
	at org.testng.internal.Invoker.invokeConfigurationMethod(Invoker.java:564)
	at org.testng.internal.Invoker.invokeConfigurations(Invoker.java:213)
	at org.testng.internal.Invoker.invokeMethod(Invoker.java:653)
	at org.testng.internal.Invoker.invokeTestMethod(Invoker.java:901)
	at org.testng.internal.Invoker.invokeTestMethods(Invoker.java:1231)
	at org.testng.internal.TestMethodWorker.invokeTestMethods(TestMethodWorker.java:127)
	at org.testng.internal.TestMethodWorker.run(TestMethodWorker.java:111)
	at org.testng.TestRunner.privateRun(TestRunner.java:767)
	at org.testng.TestRunner.run(TestRunner.java:617)
	at org.testng.SuiteRunner.runTest(SuiteRunner.java:334)
	at org.testng.SuiteRunner.runSequentially(SuiteRunner.java:329)
	at org.testng.SuiteRunner.privateRun(SuiteRunner.java:291)
	at org.testng.SuiteRunner.run(SuiteRunner.java:240)
	at org.testng.SuiteRunnerWorker.runSuite(SuiteRunnerWorker.java:52)
	at org.testng.SuiteRunnerWorker.run(SuiteRunnerWorker.java:86)
	at org.testng.TestNG.runSuitesSequentially(TestNG.java:1198)
	at org.testng.TestNG.runSuitesLocally(TestNG.java:1123)
	at org.testng.TestNG.run(TestNG.java:1031)
	at org.testng.TestNG.privateMain(TestNG.java:1338)
	at org.testng.TestNG.main(TestNG.java:1307)
]]>
            </full-stacktrace>
          </exception> <!-- java.lang.NullPointerException -->
          <reporter-output>
          </reporter-output>
        </test-method> <!-- beforeMethod -->
        <test-method status="SKIP" signature="afterMethod()[pri:0, instance:com.cases.KfglTest_New@22f71333]" name="afterMethod" is-config="true" duration-ms="0" started-at="2020-12-23T13:38:21Z" finished-at="2020-12-23T13:38:21Z">
          <reporter-output>
          </reporter-output>
        </test-method> <!-- afterMethod -->
        <test-method status="SKIP" signature="afterClass()[pri:0, instance:com.cases.KfglTest_New@22f71333]" name="afterClass" is-config="true" duration-ms="0" started-at="2020-12-23T13:38:21Z" finished-at="2020-12-23T13:38:21Z">
          <reporter-output>
          </reporter-output>
        </test-method> <!-- afterClass -->
        <test-method status="SKIP" signature="kfgl_0001_LoginSucc(java.lang.reflect.Method)[pri:0, instance:com.cases.KfglTest_New@22f71333]" name="kfgl_0001_LoginSucc" duration-ms="0" started-at="2020-12-23T13:38:21Z" finished-at="2020-12-23T13:38:21Z">
          <params>
            <param index="0">
              <value>
                <![CDATA[public void com.cases.KfglTest_New.kfgl_0001_LoginSucc(java.lang.reflect.Method) throws java.lang.Exception]]>
              </value>
            </param>
          </params>
          <reporter-output>
          </reporter-output>
        </test-method> <!-- kfgl_0001_LoginSucc -->
      </class> <!-- com.cases.KfglTest_New -->
    </test> <!-- Test(failed) -->
  </suite> <!-- Failed suite [Suite] -->
</testng-results>
